Command line:
   BancMemoireInstruction_isim_beh.exe
     -simmode  gui
     -simrunnum  0
     -socket  63233

Tue May 19 09:56:26 2020


 Elaboration Time: 0.0625 sec

 Current Memory Usage: 5172.59 Meg

 Total Signals          : 5
 Total Nets             : 8234
 Total Signal Drivers   : 2
 Total Blocks           : 5
 Total Primitive Blocks : 5
 Total Processes        : 2
 Total Traceable Variables  : 16
 Total Scalar Nets and Variables : 9238
Total Line Count : 4

 Total Simulation Time: 0.078125 sec

 Current Memory Usage: 5015.3 Meg

Tue May 19 10:02:43 2020

