Release 14.7 - xst P.20131013 (nt64)
Copyright (c) 1995-2013 Xilinx, Inc.  All rights reserved.
--> Parameter TMPDIR set to xst/projnav.tmp


Total REAL time to Xst completion: 0.00 secs
Total CPU time to Xst completion: 0.14 secs
 
--> Parameter xsthdpdir set to xst


Total REAL time to Xst completion: 0.00 secs
Total CPU time to Xst completion: 0.14 secs
 
--> Reading design: CheminDonnees.prj

TABLE OF CONTENTS
  1) Synthesis Options Summary
  2) HDL Parsing
  3) HDL Elaboration
  4) HDL Synthesis
       4.1) HDL Synthesis Report
  5) Advanced HDL Synthesis
       5.1) Advanced HDL Synthesis Report
  6) Low Level Synthesis
  7) Partition Report
  8) Design Summary
       8.1) Primitive and Black Box Usage
       8.2) Device utilization summary
       8.3) Partition Resource Summary
       8.4) Timing Report
            8.4.1) Clock Information
            8.4.2) Asynchronous Control Signals Information
            8.4.3) Timing Summary
            8.4.4) Timing Details
            8.4.5) Cross Clock Domains Report


=========================================================================
*                      Synthesis Options Summary                        *
=========================================================================
---- Source Parameters
Input File Name                    : "CheminDonnees.prj"
Ignore Synthesis Constraint File   : NO

---- Target Parameters
Output File Name                   : "CheminDonnees"
Output Format                      : NGC
Target Device                      : xc6slx16-3-csg324

---- Source Options
Top Module Name                    : CheminDonnees
Automatic FSM Extraction           : YES
FSM Encoding Algorithm             : Auto
Safe Implementation                : No
FSM Style                          : LUT
RAM Extraction                     : Yes
RAM Style                          : Auto
ROM Extraction                     : Yes
Shift Register Extraction          : YES
ROM Style                          : Auto
Resource Sharing                   : YES
Asynchronous To Synchronous        : NO
Shift Register Minimum Size        : 2
Use DSP Block                      : Auto
Automatic Register Balancing       : No

---- Target Options
LUT Combining                      : Auto
Reduce Control Sets                : Auto
Add IO Buffers                     : YES
Global Maximum Fanout              : 100000
Add Generic Clock Buffer(BUFG)     : 16
Register Duplication               : YES
Optimize Instantiated Primitives   : NO
Use Clock Enable                   : Auto
Use Synchronous Set                : Auto
Use Synchronous Reset              : Auto
Pack IO Registers into IOBs        : Auto
Equivalent register Removal        : YES

---- General Options
Optimization Goal                  : Speed
Optimization Effort                : 1
Power Reduction                    : NO
Keep Hierarchy                     : No
Netlist Hierarchy                  : As_Optimized
RTL Output                         : Yes
Global Optimization                : AllClockNets
Read Cores                         : YES
Write Timing Constraints           : NO
Cross Clock Analysis               : NO
Hierarchy Separator                : /
Bus Delimiter                      : <>
Case Specifier                     : Maintain
Slice Utilization Ratio            : 100
BRAM Utilization Ratio             : 100
DSP48 Utilization Ratio            : 100
Auto BRAM Packing                  : NO
Slice Utilization Ratio Delta      : 5

=========================================================================


=========================================================================
*                          HDL Parsing                                  *
=========================================================================
Parsing VHDL file "C:\Users\antho\Processor\Pipeline.vhd" into library work
Parsing entity <Pipeline>.
Parsing architecture <Behavioral> of entity <pipeline>.
Parsing VHDL file "C:\Users\antho\Processor\BancRegistres.vhd" into library work
Parsing entity <BancRegistres>.
Parsing architecture <Behavioral> of entity <bancregistres>.
Parsing VHDL file "C:\Users\antho\Processor\BancMemoireInstruction.vhd" into library work
Parsing entity <BancMemoireInstruction>.
Parsing architecture <Behavioral> of entity <bancmemoireinstruction>.
Parsing VHDL file "C:\Users\antho\Processor\BancMemoire.vhd" into library work
Parsing entity <BancMemoire>.
Parsing architecture <Behavioral> of entity <bancmemoire>.
Parsing VHDL file "C:\Users\antho\Processor\ALU.vhd" into library work
Parsing entity <ALU>.
Parsing architecture <Behavioral> of entity <alu>.
Parsing VHDL file "C:\Users\antho\Processor\CheminDonnees.vhd" into library work
Parsing entity <CheminDonnees>.
Parsing architecture <Behavioral> of entity <chemindonnees>.

=========================================================================
*                            HDL Elaboration                            *
=========================================================================

Elaborating entity <CheminDonnees> (architecture <Behavioral>) from library <work>.
WARNING:HDLCompiler:871 - "C:\Users\antho\Processor\CheminDonnees.vhd" Line 187: Using initial value "00000000" for c_in_ppl_exmem since it is never assigned
WARNING:HDLCompiler:871 - "C:\Users\antho\Processor\CheminDonnees.vhd" Line 200: Using initial value "00000000" for c_in_ppl_memre since it is never assigned

Elaborating entity <ALU> (architecture <Behavioral>) from library <work>.

Elaborating entity <BancMemoireInstruction> (architecture <Behavioral>) from library <work>.

Elaborating entity <BancRegistres> (architecture <Behavioral>) from library <work>.

Elaborating entity <BancMemoire> (architecture <Behavioral>) from library <work>.

Elaborating entity <Pipeline> (architecture <Behavioral>) from library <work>.
WARNING:Xst:2972 - "C:\Users\antho\Processor\CheminDonnees.vhd" line 214. All outputs of instance <alu_inst> of block <ALU> are unconnected in block <CheminDonnees>. Underlying logic will be removed.
WARNING:Xst:2972 - "C:\Users\antho\Processor\CheminDonnees.vhd" line 226. All outputs of instance <bmi> of block <BancMemoireInstruction> are unconnected in block <CheminDonnees>. Underlying logic will be removed.
WARNING:Xst:2972 - "C:\Users\antho\Processor\CheminDonnees.vhd" line 234. All outputs of instance <br> of block <BancRegistres> are unconnected in block <CheminDonnees>. Underlying logic will be removed.
WARNING:Xst:2972 - "C:\Users\antho\Processor\CheminDonnees.vhd" line 247. All outputs of instance <bm> of block <BancMemoire> are unconnected in block <CheminDonnees>. Underlying logic will be removed.
WARNING:Xst:2972 - "C:\Users\antho\Processor\CheminDonnees.vhd" line 257. All outputs of instance <ppl_lidi> of block <Pipeline> are unconnected in block <CheminDonnees>. Underlying logic will be removed.
WARNING:Xst:2972 - "C:\Users\antho\Processor\CheminDonnees.vhd" line 270. All outputs of instance <ppl_diex> of block <Pipeline> are unconnected in block <CheminDonnees>. Underlying logic will be removed.
WARNING:Xst:2972 - "C:\Users\antho\Processor\CheminDonnees.vhd" line 283. All outputs of instance <ppl_exmem> of block <Pipeline> are unconnected in block <CheminDonnees>. Underlying logic will be removed.
WARNING:Xst:2972 - "C:\Users\antho\Processor\CheminDonnees.vhd" line 296. All outputs of instance <ppl_memre> of block <Pipeline> are unconnected in block <CheminDonnees>. Underlying logic will be removed.

=========================================================================
*                           HDL Synthesis                               *
=========================================================================

Synthesizing Unit <CheminDonnees>.
    Related source file is "C:\Users\antho\Processor\CheminDonnees.vhd".
INFO:Xst:3210 - "C:\Users\antho\Processor\CheminDonnees.vhd" line 214: Output port <N_Flag> of the instance <alu_inst> is unconnected or connected to loadless signal.
INFO:Xst:3210 - "C:\Users\antho\Processor\CheminDonnees.vhd" line 214: Output port <O_Flag> of the instance <alu_inst> is unconnected or connected to loadless signal.
INFO:Xst:3210 - "C:\Users\antho\Processor\CheminDonnees.vhd" line 214: Output port <Z_Flag> of the instance <alu_inst> is unconnected or connected to loadless signal.
INFO:Xst:3210 - "C:\Users\antho\Processor\CheminDonnees.vhd" line 214: Output port <C_Flag> of the instance <alu_inst> is unconnected or connected to loadless signal.
INFO:Xst:3210 - "C:\Users\antho\Processor\CheminDonnees.vhd" line 283: Output port <C_OUT> of the instance <ppl_exmem> is unconnected or connected to loadless signal.
INFO:Xst:3210 - "C:\Users\antho\Processor\CheminDonnees.vhd" line 296: Output port <C_OUT> of the instance <ppl_memre> is unconnected or connected to loadless signal.
    Summary:
	no macro.
Unit <CheminDonnees> synthesized.

=========================================================================
HDL Synthesis Report

Found no macro
=========================================================================

=========================================================================
*                       Advanced HDL Synthesis                          *
=========================================================================


=========================================================================
Advanced HDL Synthesis Report

Found no macro
=========================================================================

=========================================================================
*                         Low Level Synthesis                           *
=========================================================================

Optimizing unit <CheminDonnees> ...

Mapping all equations...
Building and optimizing final netlist ...
Found area constraint ratio of 100 (+ 5) on block CheminDonnees, actual ratio is 0.

Final Macro Processing ...

=========================================================================
Final Register Report

Found no macro
=========================================================================

=========================================================================
*                           Partition Report                            *
=========================================================================

Partition Implementation Status
-------------------------------

  No Partitions were found in this design.

-------------------------------

=========================================================================
*                            Design Summary                             *
=========================================================================

Top Level Output File Name         : CheminDonnees.ngc

Primitive and Black Box Usage:
------------------------------

Device utilization summary:
---------------------------

Selected Device : 6slx16csg324-3 


Slice Logic Utilization: 

Slice Logic Distribution: 
 Number of LUT Flip Flop pairs used:      0
   Number with an unused Flip Flop:       0  out of      0         
   Number with an unused LUT:             0  out of      0         
   Number of fully used LUT-FF pairs:     0  out of      0         
   Number of unique control sets:         0

IO Utilization: 
 Number of IOs:                           2
 Number of bonded IOBs:                   0  out of    232     0%  

Specific Feature Utilization:

---------------------------
Partition Resource Summary:
---------------------------

  No Partitions were found in this design.

---------------------------


=========================================================================
Timing Report

NOTE: THESE TIMING NUMBERS ARE ONLY A SYNTHESIS ESTIMATE.
      FOR ACCURATE TIMING INFORMATION PLEASE REFER TO THE TRACE REPORT
      GENERATED AFTER PLACE-and-ROUTE.

Clock Information:
------------------
No clock signals found in this design

Asynchronous Control Signals Information:
----------------------------------------
No asynchronous control signals found in this design

Timing Summary:
---------------
Speed Grade: -3

   Minimum period: No path found
   Minimum input arrival time before clock: No path found
   Maximum output required time after clock: No path found
   Maximum combinational path delay: No path found

Timing Details:
---------------
All values displayed in nanoseconds (ns)

=========================================================================

Cross Clock Domains Report:
--------------------------

=========================================================================


Total REAL time to Xst completion: 5.00 secs
Total CPU time to Xst completion: 5.66 secs
 
--> 

Total memory usage is 4519852 kilobytes

Number of errors   :    0 (   0 filtered)
Number of warnings :   10 (   0 filtered)
Number of infos    :    6 (   0 filtered)

