Running: fuse.exe -relaunch -intstyle "ise" -incremental -lib "secureip" -o "C:/Users/antho/Processor/Test_CheminDonnees_isim_beh.exe" -prj "C:/Users/antho/Processor/Test_CheminDonnees_beh.prj" "work.Test_CheminDonnees" 
ISim P.20131013 (signature 0x7708f090)
Number of CPUs detected in this system: 8
Turning on mult-threading, number of parallel sub-compilation jobs: 16 
Determining compilation order of HDL files
Parsing VHDL file "C:/Users/antho/Processor/Pipeline.vhd" into library work
Parsing VHDL file "C:/Users/antho/Processor/BancRegistres.vhd" into library work
Parsing VHDL file "C:/Users/antho/Processor/BancMemoireInstruction.vhd" into library work
Parsing VHDL file "C:/Users/antho/Processor/BancMemoire.vhd" into library work
Parsing VHDL file "C:/Users/antho/Processor/ALU.vhd" into library work
Parsing VHDL file "C:/Users/antho/Processor/CheminDonnees.vhd" into library work
Parsing VHDL file "C:/Users/antho/Processor/Test_CheminDonnees.vhd" into library work
Starting static elaboration
Completed static elaboration
Compiling package standard
Compiling package std_logic_1164
Compiling package std_logic_arith
Compiling package std_logic_unsigned
Compiling package numeric_std
Compiling package textio
Compiling package std_logic_textio
Compiling architecture behavioral of entity ALU [alu_default]
Compiling architecture behavioral of entity BancMemoireInstruction [bancmemoireinstruction_default]
Compiling architecture behavioral of entity BancRegistres [bancregistres_default]
Compiling architecture behavioral of entity BancMemoire [bancmemoire_default]
Compiling architecture behavioral of entity Pipeline [pipeline_default]
Compiling architecture behavioral of entity CheminDonnees [chemindonnees_default]
Compiling architecture behavior of entity test_chemindonnees
Time Resolution for simulation is 1ps.
Waiting for 1 sub-compilation(s) to finish...
Compiled 20 VHDL Units
Built simulation executable C:/Users/antho/Processor/Test_CheminDonnees_isim_beh.exe
Fuse Memory Usage: 37652 KB
Fuse CPU Usage: 749 ms
